<?xml version="1.0" encoding="utf-8"?><testsuites name="pytest tests"><testsuite name="pytest" errors="0" failures="0" skipped="0" tests="28" time="1.683" timestamp="2026-09-21T14:21:59.184142+05:45" hostname="DESKTOP-4D9CCCD"><testcase classname="detector.tests.test_ingest_api" name="test_missing_token_is_401" time="0.755" /><testcase classname="detector.tests.test_ingest_api" name="test_wrong_token_is_401" time="0.016" /><testcase classname="detector.tests.test_ingest_api" name="test_raw_token_is_not_stored" time="0.015" /><testcase classname="detector.tests.test_ingest_api" name="test_valid_upload_creates_run_test_and_result" time="0.064" /><testcase classname="detector.tests.test_ingest_api" name="test_uploading_same_run_twice_is_idempotent" time="0.058" /><testcase classname="detector.tests.test_ingest_api" name="test_fail_then_pass_on_same_commit_is_detected_as_conflict" time="0.075" /><testcase classname="detector.tests.test_ingest_api" name="test_similar_error_messages_share_one_error_group" time="0.042" /><testcase classname="detector.tests.test_ingest_api" name="test_invalid_xml_is_400" time="0.007" /><testcase classname="detector.tests.test_ingest_api" name="test_bad_commit_sha_is_400[]" time="0.012" /><testcase classname="detector.tests.test_ingest_api" name="test_bad_commit_sha_is_400[zzzz]" time="0.008" /><testcase classname="detector.tests.test_ingest_api" name="test_bad_commit_sha_is_400[abc]" time="0.010" /><testcase classname="detector.tests.test_junit_parser" name="test_parses_all_four_outcomes" time="0.004" /><testcase classname="detector.tests.test_junit_parser" name="test_failure_message_and_duration" time="0.003" /><testcase classname="detector.tests.test_junit_parser" name="test_total_seconds_is_sum_of_test_times" time="0.003" /><testcase classname="detector.tests.test_junit_parser" name="test_bare_testsuite_root_is_supported" time="0.004" /><testcase classname="detector.tests.test_junit_parser" name="test_duplicate_ids_keep_the_worst_outcome" time="0.002" /><testcase classname="detector.tests.test_junit_parser" name="test_long_messages_are_truncated" time="0.004" /><testcase classname="detector.tests.test_junit_parser" name="test_invalid_xml_raises" time="0.003" /><testcase classname="detector.tests.test_junit_parser" name="test_empty_report_raises" time="0.002" /><testcase classname="detector.tests.test_junit_parser" name="test_entity_expansion_attack_is_rejected" time="0.007" /><testcase classname="detector.tests.test_scoring" name="test_stable_test_scores_zero" time="0.003" /><testcase classname="detector.tests.test_scoring" name="test_always_failing_is_broken_not_flaky" time="0.004" /><testcase classname="detector.tests.test_scoring" name="test_broken_then_fixed_is_not_flaky" time="0.004" /><testcase classname="detector.tests.test_scoring" name="test_flaky_test_is_caught" time="0.003" /><testcase classname="detector.tests.test_scoring" name="test_mildly_flaky_is_at_least_suspect" time="0.007" /><testcase classname="detector.tests.test_scoring" name="test_too_little_data_is_not_judged" time="0.004" /><testcase classname="detector.tests.test_scoring" name="test_single_conflict_with_few_runs_is_still_reported" time="0.002" /><testcase classname="detector.tests.test_scoring" name="test_fingerprint_groups_similar_errors" time="0.005" /></testsuite></testsuites>